<!DOCTYPE html>

<html>
  <head>
  <meta charset='utf-8'>
  <title>TestNG reports</title>

    <link type="text/css" href="testng-reports.css" rel="stylesheet" />
    <script type="text/javascript" src="jquery-1.7.1.min.js"></script>
    <script type="text/javascript" src="testng-reports.js"></script>
    <script type="text/javascript" src="https://www.google.com/jsapi"></script>
    <script type='text/javascript'>
      google.load('visualization', '1', {packages:['table']});
      google.setOnLoadCallback(drawTable);
      var suiteTableInitFunctions = new Array();
      var suiteTableData = new Array();
    </script>
    <!--
      <script type="text/javascript" src="jquery-ui/js/jquery-ui-1.8.16.custom.min.js"></script>
     -->
  </head>

  <body>
    <div class="top-banner-root">
      <span class="top-banner-title-font">Test results</span>
      <br/>
      <span class="top-banner-font-1">1 suite, 3 failed tests</span>
    </div> <!-- top-banner-root -->
    <div class="navigator-root">
      <div class="navigator-suite-header">
        <span>All suites</span>
        <a href="#" class="collapse-all-link" title="Collapse/expand all the suites">
          <img class="collapse-all-icon" src="collapseall.gif">
          </img> <!-- collapse-all-icon -->
        </a> <!-- collapse-all-link -->
      </div> <!-- navigator-suite-header -->
      <div class="suite">
        <div class="rounded-window">
          <div class="suite-header light-rounded-window-top">
            <a href="#" class="navigator-link" panel-name="suite-UI_Testing">
              <span class="suite-name border-failed">UI Testing</span>
            </a> <!-- navigator-link -->
          </div> <!-- suite-header light-rounded-window-top -->
          <div class="navigator-suite-content">
            <div class="suite-section-title">
              <span>Info</span>
            </div> <!-- suite-section-title -->
            <div class="suite-section-content">
              <ul>
                <li>
                  <a href="#" class="navigator-link " panel-name="test-xml-UI_Testing">
                    <span>E:\ApplaudoStudios\Week9\Homework_09_01_v8\frontend.xml</span>
                  </a> <!-- navigator-link  -->
                </li>
                <li>
                  <a href="#" class="navigator-link " panel-name="testlist-UI_Testing">
                    <span class="test-stats">3 tests</span>
                  </a> <!-- navigator-link  -->
                </li>
                <li>
                  <a href="#" class="navigator-link " panel-name="group-UI_Testing">
                    <span>2 groups</span>
                  </a> <!-- navigator-link  -->
                </li>
                <li>
                  <a href="#" class="navigator-link " panel-name="times-UI_Testing">
                    <span>Times</span>
                  </a> <!-- navigator-link  -->
                </li>
                <li>
                  <a href="#" class="navigator-link " panel-name="reporter-UI_Testing">
                    <span>Reporter output</span>
                  </a> <!-- navigator-link  -->
                </li>
                <li>
                  <a href="#" class="navigator-link " panel-name="ignored-methods-UI_Testing">
                    <span>Ignored methods</span>
                  </a> <!-- navigator-link  -->
                </li>
                <li>
                  <a href="#" class="navigator-link " panel-name="chronological-UI_Testing">
                    <span>Chronological view</span>
                  </a> <!-- navigator-link  -->
                </li>
              </ul>
            </div> <!-- suite-section-content -->
            <div class="result-section">
              <div class="suite-section-title">
                <span>Results</span>
              </div> <!-- suite-section-title -->
              <div class="suite-section-content">
                <ul>
                  <li>
                    <span class="method-stats">15 methods, 3 failed,  4 skipped,  8 passed</span>
                  </li>
                  <li>
                    <span class="method-list-title failed">Failed methods</span>
                    <span class="show-or-hide-methods failed">
                      <a href="#" panel-name="suite-UI_Testing" class="hide-methods failed suite-UI_Testing"> (hide)</a> <!-- hide-methods failed suite-UI_Testing -->
                      <a href="#" panel-name="suite-UI_Testing" class="show-methods failed suite-UI_Testing"> (show)</a> <!-- show-methods failed suite-UI_Testing -->
                    </span>
                    <div class="method-list-content failed suite-UI_Testing">
                      <span>
                        <img width="3%" src="failed.png"/>
                        <a href="#" class="method navigator-link" panel-name="suite-UI_Testing" title="frontend.tests.TestCasesLibrary" hash-for-method="$verifyThatTheCarrouselHasFiveItems">$verifyThatTheCarrouselHasFiveItems</a> <!-- method navigator-link -->
                      </span>
                      <br/>
                      <span>
                        <img width="3%" src="failed.png"/>
                        <a href="#" class="method navigator-link" panel-name="suite-UI_Testing" title="frontend.tests.TestCasesLibrary" hash-for-method="verifyThatTheTopSearchesWork">verifyThatTheTopSearchesWork</a> <!-- method navigator-link -->
                      </span>
                      <br/>
                      <span>
                        <img width="3%" src="failed.png"/>
                        <a href="#" class="method navigator-link" panel-name="suite-UI_Testing" title="frontend.tests.TestCasesLibrary" hash-for-method="verifyThatTheUrlIsTheExpected">verifyThatTheUrlIsTheExpected</a> <!-- method navigator-link -->
                      </span>
                      <br/>
                    </div> <!-- method-list-content failed suite-UI_Testing -->
                  </li>
                  <li>
                    <span class="method-list-title skipped">Skipped methods</span>
                    <span class="show-or-hide-methods skipped">
                      <a href="#" panel-name="suite-UI_Testing" class="hide-methods skipped suite-UI_Testing"> (hide)</a> <!-- hide-methods skipped suite-UI_Testing -->
                      <a href="#" panel-name="suite-UI_Testing" class="show-methods skipped suite-UI_Testing"> (show)</a> <!-- show-methods skipped suite-UI_Testing -->
                    </span>
                    <div class="method-list-content skipped suite-UI_Testing">
                      <span>
                        <img width="3%" src="skipped.png"/>
                        <a href="#" class="method navigator-link" panel-name="suite-UI_Testing" title="frontend.tests.TestCasesLibrary" hash-for-method="$verifyThatTheCarrouselHasFiveItems">$verifyThatTheCarrouselHasFiveItems</a> <!-- method navigator-link -->
                      </span>
                      <br/>
                      <span>
                        <img width="3%" src="skipped.png"/>
                        <a href="#" class="method navigator-link" panel-name="suite-UI_Testing" title="frontend.tests.TestCasesLibrary" hash-for-method="$verifyThatTheCarrouselHasFiveItems">$verifyThatTheCarrouselHasFiveItems</a> <!-- method navigator-link -->
                      </span>
                      <br/>
                      <span>
                        <img width="3%" src="skipped.png"/>
                        <a href="#" class="method navigator-link" panel-name="suite-UI_Testing" title="frontend.tests.TestCasesLibrary" hash-for-method="$verifyThatTheCarrouselHasFiveItems">$verifyThatTheCarrouselHasFiveItems</a> <!-- method navigator-link -->
                      </span>
                      <br/>
                      <span>
                        <img width="3%" src="skipped.png"/>
                        <a href="#" class="method navigator-link" panel-name="suite-UI_Testing" title="frontend.tests.TestCasesLibrary" hash-for-method="$verifyThatTheCarrouselHasFiveItems">$verifyThatTheCarrouselHasFiveItems</a> <!-- method navigator-link -->
                      </span>
                      <br/>
                    </div> <!-- method-list-content skipped suite-UI_Testing -->
                  </li>
                  <li>
                    <span class="method-list-title passed">Passed methods</span>
                    <span class="show-or-hide-methods passed">
                      <a href="#" panel-name="suite-UI_Testing" class="hide-methods passed suite-UI_Testing"> (hide)</a> <!-- hide-methods passed suite-UI_Testing -->
                      <a href="#" panel-name="suite-UI_Testing" class="show-methods passed suite-UI_Testing"> (show)</a> <!-- show-methods passed suite-UI_Testing -->
                    </span>
                    <div class="method-list-content passed suite-UI_Testing">
                      <span>
                        <img width="3%" src="passed.png"/>
                        <a href="#" class="method navigator-link" panel-name="suite-UI_Testing" title="frontend.tests.TestCasesAutomationPractice" hash-for-method="testFive">testFive</a> <!-- method navigator-link -->
                      </span>
                      <br/>
                      <span>
                        <img width="3%" src="passed.png"/>
                        <a href="#" class="method navigator-link" panel-name="suite-UI_Testing" title="frontend.tests.TestCasesDemo" hash-for-method="testForms">testForms</a> <!-- method navigator-link -->
                      </span>
                      <br/>
                      <span>
                        <img width="3%" src="passed.png"/>
                        <a href="#" class="method navigator-link" panel-name="suite-UI_Testing" title="frontend.tests.TestCasesAutomationPractice" hash-for-method="testFour">testFour</a> <!-- method navigator-link -->
                      </span>
                      <br/>
                      <span>
                        <img width="3%" src="passed.png"/>
                        <a href="#" class="method navigator-link" panel-name="suite-UI_Testing" title="frontend.tests.TestCasesDemo" hash-for-method="testHome">testHome</a> <!-- method navigator-link -->
                      </span>
                      <br/>
                      <span>
                        <img width="3%" src="passed.png"/>
                        <a href="#" class="method navigator-link" panel-name="suite-UI_Testing" title="frontend.tests.TestCasesAutomationPractice" hash-for-method="testOne">testOne</a> <!-- method navigator-link -->
                      </span>
                      <br/>
                      <span>
                        <img width="3%" src="passed.png"/>
                        <a href="#" class="method navigator-link" panel-name="suite-UI_Testing" title="frontend.tests.TestCasesDemo" hash-for-method="testPracticeForm(Robot, Executor, robot-executor@hotmail.com, 3219790624, Maths, Kra 6 A este, NCR, Delhi)">testPracticeForm(Robot, Executor, robot-executor@hotmail.com, 3219790624, Maths, Kra 6 A este, NCR, Delhi)</a> <!-- method navigator-link -->
                      </span>
                      <br/>
                      <span>
                        <img width="3%" src="passed.png"/>
                        <a href="#" class="method navigator-link" panel-name="suite-UI_Testing" title="frontend.tests.TestCasesAutomationPractice" hash-for-method="testThree">testThree</a> <!-- method navigator-link -->
                      </span>
                      <br/>
                      <span>
                        <img width="3%" src="passed.png"/>
                        <a href="#" class="method navigator-link" panel-name="suite-UI_Testing" title="frontend.tests.TestCasesAutomationPractice" hash-for-method="testTwo">testTwo</a> <!-- method navigator-link -->
                      </span>
                      <br/>
                    </div> <!-- method-list-content passed suite-UI_Testing -->
                  </li>
                </ul>
              </div> <!-- suite-section-content -->
            </div> <!-- result-section -->
          </div> <!-- navigator-suite-content -->
        </div> <!-- rounded-window -->
      </div> <!-- suite -->
    </div> <!-- navigator-root -->
    <div class="wrapper">
      <div class="main-panel-root">
        <div panel-name="suite-UI_Testing" class="panel UI_Testing">
          <div class="suite-UI_Testing-class-failed">
            <div class="main-panel-header rounded-window-top">
              <img src="failed.png"/>
              <span class="class-name">frontend.tests.TestCasesLibrary</span>
            </div> <!-- main-panel-header rounded-window-top -->
            <div class="main-panel-content rounded-window-bottom">
              <div class="method">
                <div class="method-content">
                  <a name="$verifyThatTheCarrouselHasFiveItems">
                  </a> <!-- $verifyThatTheCarrouselHasFiveItems -->
                  <span class="method-name">$verifyThatTheCarrouselHasFiveItems</span>
                  <div class="stack-trace">org.openqa.selenium.WebDriverException: chrome not reachable
  (Session info: MicrosoftEdge=105.0.1343.53)
Build info: version: &apos;3.141.59&apos;, revision: &apos;e82be7d358&apos;, time: &apos;2018-11-14T08:17:03&apos;
System info: host: &apos;DESKTOP-0I3ILBP&apos;, ip: &apos;192.168.33.1&apos;, os.name: &apos;Windows 10&apos;, os.arch: &apos;amd64&apos;, os.version: &apos;10.0&apos;, java.version: &apos;1.8.0_251&apos;
Driver info: org.openqa.selenium.edge.EdgeDriver
Capabilities {acceptInsecureCerts: false, browserName: msedge, browserVersion: 105.0.1343.53, javascriptEnabled: true, ms:edgeOptions: {debuggerAddress: localhost:49286}, msedge: {msedgedriverVersion: 104.0.1293.70 (6709c341bd06..., userDataDir: C:\Users\USER~1.DES\AppData...}, networkConnectionEnabled: false, pageLoadStrategy: normal, platform: WINDOWS, platformName: WINDOWS, proxy: Proxy(), setWindowRect: true, strictFileInteractability: false, timeouts: {implicit: 0, pageLoad: 300000, script: 30000}, unhandledPromptBehavior: dismiss and notify, webauthn:extension:credBlob: true, webauthn:extension:largeBlob: true, webauthn:virtualAuthenticators: true}
Session ID: 000a620cfa40013cf81869f161009f2b
*** Element info: {Using=class name, value=slick-current}
	at org.openqa.selenium.remote.http.W3CHttpResponseCodec.createException(W3CHttpResponseCodec.java:187)
	at org.openqa.selenium.remote.http.W3CHttpResponseCodec.decode(W3CHttpResponseCodec.java:122)
	at org.openqa.selenium.remote.http.W3CHttpResponseCodec.decode(W3CHttpResponseCodec.java:49)
	at org.openqa.selenium.remote.HttpCommandExecutor.execute(HttpCommandExecutor.java:158)
	at org.openqa.selenium.remote.service.DriverCommandExecutor.execute(DriverCommandExecutor.java:83)
	at org.openqa.selenium.remote.RemoteWebDriver.execute(RemoteWebDriver.java:552)
	at org.openqa.selenium.remote.RemoteWebDriver.findElement(RemoteWebDriver.java:323)
	at org.openqa.selenium.remote.RemoteWebDriver.findElementByClassName(RemoteWebDriver.java:412)
	at org.openqa.selenium.By$ByClassName.findElement(By.java:389)
	at org.openqa.selenium.remote.RemoteWebDriver.findElement(RemoteWebDriver.java:315)
	at frontend.pages.library.Home.getPaging(Home.java:41)
	at frontend.tests.TestCasesLibrary.$verifyThatTheCarrouselHasFiveItems(TestCasesLibrary.java:38)
... Removed 33 stack frames
</div> <!-- stack-trace -->
                </div> <!-- method-content -->
              </div> <!-- method -->
              <div class="method">
                <div class="method-content">
                  <a name="verifyThatTheTopSearchesWork">
                  </a> <!-- verifyThatTheTopSearchesWork -->
                  <span class="method-name">verifyThatTheTopSearchesWork</span>
                  <div class="stack-trace">org.openqa.selenium.WebDriverException: chrome not reachable
  (Session info: MicrosoftEdge=105.0.1343.53)
Build info: version: &apos;3.141.59&apos;, revision: &apos;e82be7d358&apos;, time: &apos;2018-11-14T08:17:03&apos;
System info: host: &apos;DESKTOP-0I3ILBP&apos;, ip: &apos;192.168.33.1&apos;, os.name: &apos;Windows 10&apos;, os.arch: &apos;amd64&apos;, os.version: &apos;10.0&apos;, java.version: &apos;1.8.0_251&apos;
Driver info: org.openqa.selenium.edge.EdgeDriver
Capabilities {acceptInsecureCerts: false, browserName: msedge, browserVersion: 105.0.1343.53, javascriptEnabled: true, ms:edgeOptions: {debuggerAddress: localhost:49286}, msedge: {msedgedriverVersion: 104.0.1293.70 (6709c341bd06..., userDataDir: C:\Users\USER~1.DES\AppData...}, networkConnectionEnabled: false, pageLoadStrategy: normal, platform: WINDOWS, platformName: WINDOWS, proxy: Proxy(), setWindowRect: true, strictFileInteractability: false, timeouts: {implicit: 0, pageLoad: 300000, script: 30000}, unhandledPromptBehavior: dismiss and notify, webauthn:extension:credBlob: true, webauthn:extension:largeBlob: true, webauthn:virtualAuthenticators: true}
Session ID: 000a620cfa40013cf81869f161009f2b
*** Element info: {Using=xpath, value=//a[contains(@id, &apos;top_searches&apos;)]}
	at org.openqa.selenium.remote.http.W3CHttpResponseCodec.createException(W3CHttpResponseCodec.java:187)
	at org.openqa.selenium.remote.http.W3CHttpResponseCodec.decode(W3CHttpResponseCodec.java:122)
	at org.openqa.selenium.remote.http.W3CHttpResponseCodec.decode(W3CHttpResponseCodec.java:49)
	at org.openqa.selenium.remote.HttpCommandExecutor.execute(HttpCommandExecutor.java:158)
	at org.openqa.selenium.remote.service.DriverCommandExecutor.execute(DriverCommandExecutor.java:83)
	at org.openqa.selenium.remote.RemoteWebDriver.execute(RemoteWebDriver.java:552)
	at org.openqa.selenium.remote.RemoteWebDriver.findElements(RemoteWebDriver.java:353)
	at org.openqa.selenium.remote.RemoteWebDriver.findElementsByXPath(RemoteWebDriver.java:432)
	at org.openqa.selenium.By$ByXPath.findElements(By.java:348)
	at org.openqa.selenium.remote.RemoteWebDriver.findElements(RemoteWebDriver.java:311)
	at frontend.pages.library.Home.clickRandomTopSearch(Home.java:59)
	at frontend.tests.TestCasesLibrary.verifyThatTheTopSearchesWork(TestCasesLibrary.java:52)
... Removed 33 stack frames
</div> <!-- stack-trace -->
                </div> <!-- method-content -->
              </div> <!-- method -->
              <div class="method">
                <div class="method-content">
                  <a name="verifyThatTheUrlIsTheExpected">
                  </a> <!-- verifyThatTheUrlIsTheExpected -->
                  <span class="method-name">verifyThatTheUrlIsTheExpected</span>
                  <div class="stack-trace">org.openqa.selenium.WebDriverException: chrome not reachable
  (Session info: MicrosoftEdge=105.0.1343.53)
Build info: version: &apos;3.141.59&apos;, revision: &apos;e82be7d358&apos;, time: &apos;2018-11-14T08:17:03&apos;
System info: host: &apos;DESKTOP-0I3ILBP&apos;, ip: &apos;192.168.33.1&apos;, os.name: &apos;Windows 10&apos;, os.arch: &apos;amd64&apos;, os.version: &apos;10.0&apos;, java.version: &apos;1.8.0_251&apos;
Driver info: org.openqa.selenium.edge.EdgeDriver
Capabilities {acceptInsecureCerts: false, browserName: msedge, browserVersion: 105.0.1343.53, javascriptEnabled: true, ms:edgeOptions: {debuggerAddress: localhost:49286}, msedge: {msedgedriverVersion: 104.0.1293.70 (6709c341bd06..., userDataDir: C:\Users\USER~1.DES\AppData...}, networkConnectionEnabled: false, pageLoadStrategy: normal, platform: WINDOWS, platformName: WINDOWS, proxy: Proxy(), setWindowRect: true, strictFileInteractability: false, timeouts: {implicit: 0, pageLoad: 300000, script: 30000}, unhandledPromptBehavior: dismiss and notify, webauthn:extension:credBlob: true, webauthn:extension:largeBlob: true, webauthn:virtualAuthenticators: true}
Session ID: 000a620cfa40013cf81869f161009f2b
*** Element info: {Using=class name, value=header-logo}
	at org.openqa.selenium.remote.http.W3CHttpResponseCodec.createException(W3CHttpResponseCodec.java:187)
	at org.openqa.selenium.remote.http.W3CHttpResponseCodec.decode(W3CHttpResponseCodec.java:122)
	at org.openqa.selenium.remote.http.W3CHttpResponseCodec.decode(W3CHttpResponseCodec.java:49)
	at org.openqa.selenium.remote.HttpCommandExecutor.execute(HttpCommandExecutor.java:158)
	at org.openqa.selenium.remote.service.DriverCommandExecutor.execute(DriverCommandExecutor.java:83)
	at org.openqa.selenium.remote.RemoteWebDriver.execute(RemoteWebDriver.java:552)
	at org.openqa.selenium.remote.RemoteWebDriver.findElement(RemoteWebDriver.java:323)
	at org.openqa.selenium.remote.RemoteWebDriver.findElementByClassName(RemoteWebDriver.java:412)
	at org.openqa.selenium.By$ByClassName.findElement(By.java:389)
	at org.openqa.selenium.remote.RemoteWebDriver.findElement(RemoteWebDriver.java:315)
	at frontend.pages.library.Home.clickOnLogoToBack(Home.java:73)
	at frontend.tests.TestCasesLibrary.verifyThatTheUrlIsTheExpected(TestCasesLibrary.java:26)
... Removed 33 stack frames
</div> <!-- stack-trace -->
                </div> <!-- method-content -->
              </div> <!-- method -->
            </div> <!-- main-panel-content rounded-window-bottom -->
          </div> <!-- suite-UI_Testing-class-failed -->
          <div class="suite-UI_Testing-class-skipped">
            <div class="main-panel-header rounded-window-top">
              <img src="skipped.png"/>
              <span class="class-name">frontend.tests.TestCasesLibrary</span>
            </div> <!-- main-panel-header rounded-window-top -->
            <div class="main-panel-content rounded-window-bottom">
              <div class="method">
                <div class="method-content">
                  <a name="$verifyThatTheCarrouselHasFiveItems">
                  </a> <!-- $verifyThatTheCarrouselHasFiveItems -->
                  <span class="method-name">$verifyThatTheCarrouselHasFiveItems</span>
                  <div class="stack-trace">org.openqa.selenium.WebDriverException: chrome not reachable
  (Session info: MicrosoftEdge=105.0.1343.53)
Build info: version: &apos;3.141.59&apos;, revision: &apos;e82be7d358&apos;, time: &apos;2018-11-14T08:17:03&apos;
System info: host: &apos;DESKTOP-0I3ILBP&apos;, ip: &apos;192.168.33.1&apos;, os.name: &apos;Windows 10&apos;, os.arch: &apos;amd64&apos;, os.version: &apos;10.0&apos;, java.version: &apos;1.8.0_251&apos;
Driver info: org.openqa.selenium.edge.EdgeDriver
Capabilities {acceptInsecureCerts: false, browserName: msedge, browserVersion: 105.0.1343.53, javascriptEnabled: true, ms:edgeOptions: {debuggerAddress: localhost:49286}, msedge: {msedgedriverVersion: 104.0.1293.70 (6709c341bd06..., userDataDir: C:\Users\USER~1.DES\AppData...}, networkConnectionEnabled: false, pageLoadStrategy: normal, platform: WINDOWS, platformName: WINDOWS, proxy: Proxy(), setWindowRect: true, strictFileInteractability: false, timeouts: {implicit: 0, pageLoad: 300000, script: 30000}, unhandledPromptBehavior: dismiss and notify, webauthn:extension:credBlob: true, webauthn:extension:largeBlob: true, webauthn:virtualAuthenticators: true}
Session ID: 000a620cfa40013cf81869f161009f2b
*** Element info: {Using=class name, value=slick-current}
	at org.openqa.selenium.remote.http.W3CHttpResponseCodec.createException(W3CHttpResponseCodec.java:187)
	at org.openqa.selenium.remote.http.W3CHttpResponseCodec.decode(W3CHttpResponseCodec.java:122)
	at org.openqa.selenium.remote.http.W3CHttpResponseCodec.decode(W3CHttpResponseCodec.java:49)
	at org.openqa.selenium.remote.HttpCommandExecutor.execute(HttpCommandExecutor.java:158)
	at org.openqa.selenium.remote.service.DriverCommandExecutor.execute(DriverCommandExecutor.java:83)
	at org.openqa.selenium.remote.RemoteWebDriver.execute(RemoteWebDriver.java:552)
	at org.openqa.selenium.remote.RemoteWebDriver.findElement(RemoteWebDriver.java:323)
	at org.openqa.selenium.remote.RemoteWebDriver.findElementByClassName(RemoteWebDriver.java:412)
	at org.openqa.selenium.By$ByClassName.findElement(By.java:389)
	at org.openqa.selenium.remote.RemoteWebDriver.findElement(RemoteWebDriver.java:315)
	at frontend.pages.library.Home.getPaging(Home.java:41)
	at frontend.tests.TestCasesLibrary.$verifyThatTheCarrouselHasFiveItems(TestCasesLibrary.java:38)
... Removed 33 stack frames
</div> <!-- stack-trace -->
                </div> <!-- method-content -->
              </div> <!-- method -->
              <div class="method">
                <div class="method-content">
                  <a name="$verifyThatTheCarrouselHasFiveItems">
                  </a> <!-- $verifyThatTheCarrouselHasFiveItems -->
                  <span class="method-name">$verifyThatTheCarrouselHasFiveItems</span>
                  <div class="stack-trace">org.openqa.selenium.WebDriverException: chrome not reachable
  (Session info: MicrosoftEdge=105.0.1343.53)
Build info: version: &apos;3.141.59&apos;, revision: &apos;e82be7d358&apos;, time: &apos;2018-11-14T08:17:03&apos;
System info: host: &apos;DESKTOP-0I3ILBP&apos;, ip: &apos;192.168.33.1&apos;, os.name: &apos;Windows 10&apos;, os.arch: &apos;amd64&apos;, os.version: &apos;10.0&apos;, java.version: &apos;1.8.0_251&apos;
Driver info: org.openqa.selenium.edge.EdgeDriver
Capabilities {acceptInsecureCerts: false, browserName: msedge, browserVersion: 105.0.1343.53, javascriptEnabled: true, ms:edgeOptions: {debuggerAddress: localhost:49286}, msedge: {msedgedriverVersion: 104.0.1293.70 (6709c341bd06..., userDataDir: C:\Users\USER~1.DES\AppData...}, networkConnectionEnabled: false, pageLoadStrategy: normal, platform: WINDOWS, platformName: WINDOWS, proxy: Proxy(), setWindowRect: true, strictFileInteractability: false, timeouts: {implicit: 0, pageLoad: 300000, script: 30000}, unhandledPromptBehavior: dismiss and notify, webauthn:extension:credBlob: true, webauthn:extension:largeBlob: true, webauthn:virtualAuthenticators: true}
Session ID: 000a620cfa40013cf81869f161009f2b
	at org.openqa.selenium.remote.http.W3CHttpResponseCodec.createException(W3CHttpResponseCodec.java:187)
	at org.openqa.selenium.remote.http.W3CHttpResponseCodec.decode(W3CHttpResponseCodec.java:122)
	at org.openqa.selenium.remote.http.W3CHttpResponseCodec.decode(W3CHttpResponseCodec.java:49)
	at org.openqa.selenium.remote.HttpCommandExecutor.execute(HttpCommandExecutor.java:158)
	at org.openqa.selenium.remote.service.DriverCommandExecutor.execute(DriverCommandExecutor.java:83)
	at org.openqa.selenium.remote.RemoteWebDriver.execute(RemoteWebDriver.java:552)
	at org.openqa.selenium.remote.RemoteWebElement.execute(RemoteWebElement.java:285)
	at org.openqa.selenium.remote.RemoteWebElement.getText(RemoteWebElement.java:166)
	at org.openqa.selenium.support.ui.ExpectedConditions$12.apply(ExpectedConditions.java:353)
	at org.openqa.selenium.support.ui.ExpectedConditions$12.apply(ExpectedConditions.java:349)
	at org.openqa.selenium.support.ui.FluentWait.until(FluentWait.java:249)
	at frontend.pages.library.Home.waitNewCarrousel(Home.java:55)
	at frontend.tests.TestCasesLibrary.$verifyThatTheCarrouselHasFiveItems(TestCasesLibrary.java:41)
... Removed 33 stack frames
</div> <!-- stack-trace -->
                </div> <!-- method-content -->
              </div> <!-- method -->
              <div class="method">
                <div class="method-content">
                  <a name="$verifyThatTheCarrouselHasFiveItems">
                  </a> <!-- $verifyThatTheCarrouselHasFiveItems -->
                  <span class="method-name">$verifyThatTheCarrouselHasFiveItems</span>
                  <div class="stack-trace">org.openqa.selenium.TimeoutException: Expected condition failed: waiting for text (&apos;1/5&apos;) to be present in element [[[[EdgeDriver: msedge on WINDOWS (000a620cfa40013cf81869f161009f2b)] -&gt; class name: slick-current]] -&gt; class name: paging-info] (tried for 5 second(s) with 500 milliseconds interval)
Build info: version: &apos;3.141.59&apos;, revision: &apos;e82be7d358&apos;, time: &apos;2018-11-14T08:17:03&apos;
System info: host: &apos;DESKTOP-0I3ILBP&apos;, ip: &apos;192.168.33.1&apos;, os.name: &apos;Windows 10&apos;, os.arch: &apos;amd64&apos;, os.version: &apos;10.0&apos;, java.version: &apos;1.8.0_251&apos;
Driver info: org.openqa.selenium.edge.EdgeDriver
Capabilities {acceptInsecureCerts: false, browserName: msedge, browserVersion: 105.0.1343.53, javascriptEnabled: true, ms:edgeOptions: {debuggerAddress: localhost:49286}, msedge: {msedgedriverVersion: 104.0.1293.70 (6709c341bd06..., userDataDir: C:\Users\USER~1.DES\AppData...}, networkConnectionEnabled: false, pageLoadStrategy: normal, platform: WINDOWS, platformName: WINDOWS, proxy: Proxy(), setWindowRect: true, strictFileInteractability: false, timeouts: {implicit: 0, pageLoad: 300000, script: 30000}, unhandledPromptBehavior: dismiss and notify, webauthn:extension:credBlob: true, webauthn:extension:largeBlob: true, webauthn:virtualAuthenticators: true}
Session ID: 000a620cfa40013cf81869f161009f2b
	at org.openqa.selenium.support.ui.WebDriverWait.timeoutException(WebDriverWait.java:95)
	at org.openqa.selenium.support.ui.FluentWait.until(FluentWait.java:272)
	at frontend.pages.library.Home.waitNewCarrousel(Home.java:55)
	at frontend.tests.TestCasesLibrary.$verifyThatTheCarrouselHasFiveItems(TestCasesLibrary.java:41)
... Removed 29 stack frames
</div> <!-- stack-trace -->
                </div> <!-- method-content -->
              </div> <!-- method -->
              <div class="method">
                <div class="method-content">
                  <a name="$verifyThatTheCarrouselHasFiveItems">
                  </a> <!-- $verifyThatTheCarrouselHasFiveItems -->
                  <span class="method-name">$verifyThatTheCarrouselHasFiveItems</span>
                  <div class="stack-trace">org.openqa.selenium.WebDriverException: chrome not reachable
  (Session info: MicrosoftEdge=105.0.1343.53)
Build info: version: &apos;3.141.59&apos;, revision: &apos;e82be7d358&apos;, time: &apos;2018-11-14T08:17:03&apos;
System info: host: &apos;DESKTOP-0I3ILBP&apos;, ip: &apos;192.168.33.1&apos;, os.name: &apos;Windows 10&apos;, os.arch: &apos;amd64&apos;, os.version: &apos;10.0&apos;, java.version: &apos;1.8.0_251&apos;
Driver info: org.openqa.selenium.edge.EdgeDriver
Capabilities {acceptInsecureCerts: false, browserName: msedge, browserVersion: 105.0.1343.53, javascriptEnabled: true, ms:edgeOptions: {debuggerAddress: localhost:49286}, msedge: {msedgedriverVersion: 104.0.1293.70 (6709c341bd06..., userDataDir: C:\Users\USER~1.DES\AppData...}, networkConnectionEnabled: false, pageLoadStrategy: normal, platform: WINDOWS, platformName: WINDOWS, proxy: Proxy(), setWindowRect: true, strictFileInteractability: false, timeouts: {implicit: 0, pageLoad: 300000, script: 30000}, unhandledPromptBehavior: dismiss and notify, webauthn:extension:credBlob: true, webauthn:extension:largeBlob: true, webauthn:virtualAuthenticators: true}
Session ID: 000a620cfa40013cf81869f161009f2b
*** Element info: {Using=class name, value=slick-current}
	at org.openqa.selenium.remote.http.W3CHttpResponseCodec.createException(W3CHttpResponseCodec.java:187)
	at org.openqa.selenium.remote.http.W3CHttpResponseCodec.decode(W3CHttpResponseCodec.java:122)
	at org.openqa.selenium.remote.http.W3CHttpResponseCodec.decode(W3CHttpResponseCodec.java:49)
	at org.openqa.selenium.remote.HttpCommandExecutor.execute(HttpCommandExecutor.java:158)
	at org.openqa.selenium.remote.service.DriverCommandExecutor.execute(DriverCommandExecutor.java:83)
	at org.openqa.selenium.remote.RemoteWebDriver.execute(RemoteWebDriver.java:552)
	at org.openqa.selenium.remote.RemoteWebDriver.findElement(RemoteWebDriver.java:323)
	at org.openqa.selenium.remote.RemoteWebDriver.findElementByClassName(RemoteWebDriver.java:412)
	at org.openqa.selenium.By$ByClassName.findElement(By.java:389)
	at org.openqa.selenium.remote.RemoteWebDriver.findElement(RemoteWebDriver.java:315)
	at frontend.pages.library.Home.getPaging(Home.java:41)
	at frontend.tests.TestCasesLibrary.$verifyThatTheCarrouselHasFiveItems(TestCasesLibrary.java:38)
... Removed 33 stack frames
</div> <!-- stack-trace -->
                </div> <!-- method-content -->
              </div> <!-- method -->
            </div> <!-- main-panel-content rounded-window-bottom -->
          </div> <!-- suite-UI_Testing-class-skipped -->
          <div class="suite-UI_Testing-class-passed">
            <div class="main-panel-header rounded-window-top">
              <img src="passed.png"/>
              <span class="class-name">frontend.tests.TestCasesAutomationPractice</span>
            </div> <!-- main-panel-header rounded-window-top -->
            <div class="main-panel-content rounded-window-bottom">
              <div class="method">
                <div class="method-content">
                  <a name="testFive">
                  </a> <!-- testFive -->
                  <span class="method-name">testFive</span>
                </div> <!-- method-content -->
              </div> <!-- method -->
              <div class="method">
                <div class="method-content">
                  <a name="testFour">
                  </a> <!-- testFour -->
                  <span class="method-name">testFour</span>
                </div> <!-- method-content -->
              </div> <!-- method -->
              <div class="method">
                <div class="method-content">
                  <a name="testOne">
                  </a> <!-- testOne -->
                  <span class="method-name">testOne</span>
                </div> <!-- method-content -->
              </div> <!-- method -->
              <div class="method">
                <div class="method-content">
                  <a name="testThree">
                  </a> <!-- testThree -->
                  <span class="method-name">testThree</span>
                </div> <!-- method-content -->
              </div> <!-- method -->
              <div class="method">
                <div class="method-content">
                  <a name="testTwo">
                  </a> <!-- testTwo -->
                  <span class="method-name">testTwo</span>
                </div> <!-- method-content -->
              </div> <!-- method -->
            </div> <!-- main-panel-content rounded-window-bottom -->
          </div> <!-- suite-UI_Testing-class-passed -->
          <div class="suite-UI_Testing-class-passed">
            <div class="main-panel-header rounded-window-top">
              <img src="passed.png"/>
              <span class="class-name">frontend.tests.TestCasesDemo</span>
            </div> <!-- main-panel-header rounded-window-top -->
            <div class="main-panel-content rounded-window-bottom">
              <div class="method">
                <div class="method-content">
                  <a name="testForms">
                  </a> <!-- testForms -->
                  <span class="method-name">testForms</span>
                </div> <!-- method-content -->
              </div> <!-- method -->
              <div class="method">
                <div class="method-content">
                  <a name="testHome">
                  </a> <!-- testHome -->
                  <span class="method-name">testHome</span>
                </div> <!-- method-content -->
              </div> <!-- method -->
              <div class="method">
                <div class="method-content">
                  <a name="testPracticeForm(Robot, Executor, robot-executor@hotmail.com, 3219790624, Maths, Kra 6 A este, NCR, Delhi)">
                  </a> <!-- testPracticeForm(Robot, Executor, robot-executor@hotmail.com, 3219790624, Maths, Kra 6 A este, NCR, Delhi) -->
                  <span class="method-name">testPracticeForm</span>
                  <span class="parameters">(Robot, Executor, robot-executor@hotmail.com, 3219790624, Maths, Kra 6 A este, NCR, Delhi)</span>
                </div> <!-- method-content -->
              </div> <!-- method -->
            </div> <!-- main-panel-content rounded-window-bottom -->
          </div> <!-- suite-UI_Testing-class-passed -->
        </div> <!-- panel UI_Testing -->
        <div panel-name="test-xml-UI_Testing" class="panel">
          <div class="main-panel-header rounded-window-top">
            <span class="header-content">E:\ApplaudoStudios\Week9\Homework_09_01_v8\frontend.xml</span>
          </div> <!-- main-panel-header rounded-window-top -->
          <div class="main-panel-content rounded-window-bottom">
            <pre>
&lt;?xml version=&quot;1.0&quot; encoding=&quot;UTF-8&quot;?&gt;
&lt;!DOCTYPE suite SYSTEM &quot;http://testng.org/testng-1.0.dtd&quot;&gt;
&lt;suite guice-stage=&quot;DEVELOPMENT&quot; verbose=&quot;0&quot; name=&quot;UI Testing&quot;&gt;
  &lt;listeners&gt;
    &lt;listener class-name=&quot;frontend.utils.ListenerTest&quot;/&gt;
  &lt;/listeners&gt;
  &lt;test thread-count=&quot;5&quot; verbose=&quot;0&quot; name=&quot;Regression Automation Practice&quot;&gt;
    &lt;parameter name=&quot;browser&quot; value=&quot;edge&quot;/&gt;
    &lt;parameter name=&quot;url&quot; value=&quot;https://rahulshettyacademy.com/AutomationPractice/&quot;/&gt;
    &lt;classes&gt;
      &lt;class name=&quot;frontend.tests.TestCasesAutomationPractice&quot;/&gt;
    &lt;/classes&gt;
  &lt;/test&gt; &lt;!-- Regression Automation Practice --&gt;
  &lt;test thread-count=&quot;5&quot; verbose=&quot;0&quot; name=&quot;Regression Demo QA&quot;&gt;
    &lt;parameter name=&quot;browser&quot; value=&quot;edge&quot;/&gt;
    &lt;parameter name=&quot;url&quot; value=&quot;https://demoqa.com/&quot;/&gt;
    &lt;classes&gt;
      &lt;class name=&quot;frontend.tests.TestCasesDemo&quot;/&gt;
    &lt;/classes&gt;
  &lt;/test&gt; &lt;!-- Regression Demo QA --&gt;
  &lt;test thread-count=&quot;5&quot; verbose=&quot;0&quot; name=&quot;Regression Library&quot;&gt;
    &lt;parameter name=&quot;browser&quot; value=&quot;edge&quot;/&gt;
    &lt;parameter name=&quot;url&quot; value=&quot;https://www.loc.gov/&quot;/&gt;
    &lt;classes&gt;
      &lt;class name=&quot;frontend.tests.TestCasesLibrary&quot;/&gt;
    &lt;/classes&gt;
  &lt;/test&gt; &lt;!-- Regression Library --&gt;
&lt;/suite&gt; &lt;!-- UI Testing --&gt;
            </pre>
          </div> <!-- main-panel-content rounded-window-bottom -->
        </div> <!-- panel -->
        <div panel-name="testlist-UI_Testing" class="panel">
          <div class="main-panel-header rounded-window-top">
            <span class="header-content">Tests for UI Testing</span>
          </div> <!-- main-panel-header rounded-window-top -->
          <div class="main-panel-content rounded-window-bottom">
            <ul>
              <li>
                <span class="test-name">Regression Automation Practice (1 class)</span>
              </li>
              <li>
                <span class="test-name">Regression Demo QA (1 class)</span>
              </li>
              <li>
                <span class="test-name">Regression Library (1 class)</span>
              </li>
            </ul>
          </div> <!-- main-panel-content rounded-window-bottom -->
        </div> <!-- panel -->
        <div panel-name="group-UI_Testing" class="panel">
          <div class="main-panel-header rounded-window-top">
            <span class="header-content">Groups for UI Testing</span>
          </div> <!-- main-panel-header rounded-window-top -->
          <div class="main-panel-content rounded-window-bottom">
            <div class="test-group">
              <span class="test-group-name">HomeTestCases</span>
              <br/>
              <div class="method-in-group">
                <span class="method-in-group-name">$verifyThatTheCarrouselHasFiveItems</span>
                <br/>
              </div> <!-- method-in-group -->
              <div class="method-in-group">
                <span class="method-in-group-name">verifyThatTheUrlIsTheExpected</span>
                <br/>
              </div> <!-- method-in-group -->
            </div> <!-- test-group -->
            <div class="test-group">
              <span class="test-group-name">PrevHomeTestCases</span>
              <br/>
              <div class="method-in-group">
                <span class="method-in-group-name">verifyThatTheTopSearchesWork</span>
                <br/>
              </div> <!-- method-in-group -->
            </div> <!-- test-group -->
          </div> <!-- main-panel-content rounded-window-bottom -->
        </div> <!-- panel -->
        <div panel-name="times-UI_Testing" class="panel">
          <div class="main-panel-header rounded-window-top">
            <span class="header-content">Times for UI Testing</span>
          </div> <!-- main-panel-header rounded-window-top -->
          <div class="main-panel-content rounded-window-bottom">
            <div class="times-div">
              <script type="text/javascript">
suiteTableInitFunctions.push('tableData_UI_Testing');
function tableData_UI_Testing() {
var data = new google.visualization.DataTable();
data.addColumn('number', 'Number');
data.addColumn('string', 'Method');
data.addColumn('string', 'Class');
data.addColumn('number', 'Time (ms)');
data.addRows(15);
data.setCell(0, 0, 0)
data.setCell(0, 1, 'testFive')
data.setCell(0, 2, 'frontend.tests.TestCasesAutomationPractice')
data.setCell(0, 3, 24731);
data.setCell(1, 0, 1)
data.setCell(1, 1, '$verifyThatTheCarrouselHasFiveItems')
data.setCell(1, 2, 'frontend.tests.TestCasesLibrary')
data.setCell(1, 3, 13665);
data.setCell(2, 0, 2)
data.setCell(2, 1, '$verifyThatTheCarrouselHasFiveItems')
data.setCell(2, 2, 'frontend.tests.TestCasesLibrary')
data.setCell(2, 3, 10506);
data.setCell(3, 0, 3)
data.setCell(3, 1, '$verifyThatTheCarrouselHasFiveItems')
data.setCell(3, 2, 'frontend.tests.TestCasesLibrary')
data.setCell(3, 3, 10482);
data.setCell(4, 0, 4)
data.setCell(4, 1, 'verifyThatTheUrlIsTheExpected')
data.setCell(4, 2, 'frontend.tests.TestCasesLibrary')
data.setCell(4, 3, 10478);
data.setCell(5, 0, 5)
data.setCell(5, 1, 'verifyThatTheTopSearchesWork')
data.setCell(5, 2, 'frontend.tests.TestCasesLibrary')
data.setCell(5, 3, 10463);
data.setCell(6, 0, 6)
data.setCell(6, 1, '$verifyThatTheCarrouselHasFiveItems')
data.setCell(6, 2, 'frontend.tests.TestCasesLibrary')
data.setCell(6, 3, 10441);
data.setCell(7, 0, 7)
data.setCell(7, 1, 'testFour')
data.setCell(7, 2, 'frontend.tests.TestCasesAutomationPractice')
data.setCell(7, 3, 5441);
data.setCell(8, 0, 8)
data.setCell(8, 1, '$verifyThatTheCarrouselHasFiveItems')
data.setCell(8, 2, 'frontend.tests.TestCasesLibrary')
data.setCell(8, 3, 5427);
data.setCell(9, 0, 9)
data.setCell(9, 1, 'testPracticeForm')
data.setCell(9, 2, 'frontend.tests.TestCasesDemo')
data.setCell(9, 3, 4140);
data.setCell(10, 0, 10)
data.setCell(10, 1, 'testForms')
data.setCell(10, 2, 'frontend.tests.TestCasesDemo')
data.setCell(10, 3, 681);
data.setCell(11, 0, 11)
data.setCell(11, 1, 'testTwo')
data.setCell(11, 2, 'frontend.tests.TestCasesAutomationPractice')
data.setCell(11, 3, 551);
data.setCell(12, 0, 12)
data.setCell(12, 1, 'testThree')
data.setCell(12, 2, 'frontend.tests.TestCasesAutomationPractice')
data.setCell(12, 3, 261);
data.setCell(13, 0, 13)
data.setCell(13, 1, 'testHome')
data.setCell(13, 2, 'frontend.tests.TestCasesDemo')
data.setCell(13, 3, 258);
data.setCell(14, 0, 14)
data.setCell(14, 1, 'testOne')
data.setCell(14, 2, 'frontend.tests.TestCasesAutomationPractice')
data.setCell(14, 3, 209);
window.suiteTableData['UI_Testing']= { tableData: data, tableDiv: 'times-div-UI_Testing'}
return data;
}
              </script>
              <span class="suite-total-time">Total running time: 1 minutes</span>
              <div id="times-div-UI_Testing">
              </div> <!-- times-div-UI_Testing -->
            </div> <!-- times-div -->
          </div> <!-- main-panel-content rounded-window-bottom -->
        </div> <!-- panel -->
        <div panel-name="reporter-UI_Testing" class="panel">
          <div class="main-panel-header rounded-window-top">
            <span class="header-content">Reporter output for UI Testing</span>
          </div> <!-- main-panel-header rounded-window-top -->
          <div class="main-panel-content rounded-window-bottom">
          </div> <!-- main-panel-content rounded-window-bottom -->
        </div> <!-- panel -->
        <div panel-name="ignored-methods-UI_Testing" class="panel">
          <div class="main-panel-header rounded-window-top">
            <span class="header-content">0 ignored methods</span>
          </div> <!-- main-panel-header rounded-window-top -->
          <div class="main-panel-content rounded-window-bottom">
          </div> <!-- main-panel-content rounded-window-bottom -->
        </div> <!-- panel -->
        <div panel-name="chronological-UI_Testing" class="panel">
          <div class="main-panel-header rounded-window-top">
            <span class="header-content">Methods in chronological order</span>
          </div> <!-- main-panel-header rounded-window-top -->
          <div class="main-panel-content rounded-window-bottom">
            <div class="chronological-class">
              <div class="chronological-class-name">frontend.tests.TestCasesAutomationPractice</div> <!-- chronological-class-name -->
              <div class="configuration-method before">
                <span class="method-name">setup(edge, https://rahulshettyacademy.com/AutomationPractice/)</span>
                <span class="method-start">0 ms</span>
              </div> <!-- configuration-method before -->
              <div class="test-method">
                <span class="method-name">testFive</span>
                <span class="method-start">12052 ms</span>
              </div> <!-- test-method -->
              <div class="configuration-method after">
                <span class="method-name">tearDown</span>
                <span class="method-start">36802 ms</span>
              </div> <!-- configuration-method after -->
              <div class="configuration-method before">
                <span class="method-name">setup(edge, https://rahulshettyacademy.com/AutomationPractice/)</span>
                <span class="method-start">37607 ms</span>
              </div> <!-- configuration-method before -->
              <div class="test-method">
                <span class="method-name">testFour</span>
                <span class="method-start">52622 ms</span>
              </div> <!-- test-method -->
              <div class="configuration-method after">
                <span class="method-name">tearDown</span>
                <span class="method-start">58064 ms</span>
              </div> <!-- configuration-method after -->
              <div class="configuration-method before">
                <span class="method-name">setup(edge, https://rahulshettyacademy.com/AutomationPractice/)</span>
                <span class="method-start">58842 ms</span>
              </div> <!-- configuration-method before -->
              <div class="test-method">
                <span class="method-name">testOne</span>
                <span class="method-start">70237 ms</span>
              </div> <!-- test-method -->
              <div class="configuration-method after">
                <span class="method-name">tearDown</span>
                <span class="method-start">70446 ms</span>
              </div> <!-- configuration-method after -->
              <div class="configuration-method before">
                <span class="method-name">setup(edge, https://rahulshettyacademy.com/AutomationPractice/)</span>
                <span class="method-start">71216 ms</span>
              </div> <!-- configuration-method before -->
              <div class="test-method">
                <span class="method-name">testThree</span>
                <span class="method-start">82695 ms</span>
              </div> <!-- test-method -->
              <div class="configuration-method after">
                <span class="method-name">tearDown</span>
                <span class="method-start">82957 ms</span>
              </div> <!-- configuration-method after -->
              <div class="configuration-method before">
                <span class="method-name">setup(edge, https://rahulshettyacademy.com/AutomationPractice/)</span>
                <span class="method-start">83699 ms</span>
              </div> <!-- configuration-method before -->
              <div class="test-method">
                <span class="method-name">testTwo</span>
                <span class="method-start">94928 ms</span>
              </div> <!-- test-method -->
              <div class="configuration-method after">
                <span class="method-name">tearDown</span>
                <span class="method-start">95480 ms</span>
              </div> <!-- configuration-method after -->
            </div> <!-- chronological-class -->
            <div class="chronological-class">
              <div class="chronological-class-name">frontend.tests.TestCasesDemo</div> <!-- chronological-class-name -->
              <div class="configuration-method before">
                <span class="method-name">setup(edge, https://demoqa.com/)</span>
                <span class="method-start">96658 ms</span>
              </div> <!-- configuration-method before -->
              <div class="test-method">
                <span class="method-name">testForms</span>
                <span class="method-start">101815 ms</span>
              </div> <!-- test-method -->
              <div class="configuration-method after">
                <span class="method-name">tearDown</span>
                <span class="method-start">102496 ms</span>
              </div> <!-- configuration-method after -->
              <div class="configuration-method before">
                <span class="method-name">setup(edge, https://demoqa.com/)</span>
                <span class="method-start">102693 ms</span>
              </div> <!-- configuration-method before -->
              <div class="test-method">
                <span class="method-name">testHome</span>
                <span class="method-start">110969 ms</span>
              </div> <!-- test-method -->
              <div class="configuration-method after">
                <span class="method-name">tearDown</span>
                <span class="method-start">111227 ms</span>
              </div> <!-- configuration-method after -->
              <div class="configuration-method before">
                <span class="method-name">setup(edge, https://demoqa.com/)</span>
                <span class="method-start">111421 ms</span>
              </div> <!-- configuration-method before -->
              <div class="test-method">
                <span class="method-name">testPracticeForm(Robot, Executor, robot-executor@hotmail.com, 3219790624, Maths, Kra 6 A este, NCR, Delhi)</span>
                <span class="method-start">122386 ms</span>
              </div> <!-- test-method -->
              <div class="configuration-method after">
                <span class="method-name">tearDown</span>
                <span class="method-start">126527 ms</span>
              </div> <!-- configuration-method after -->
            </div> <!-- chronological-class -->
            <div class="chronological-class">
              <div class="chronological-class-name">frontend.tests.TestCasesLibrary</div> <!-- chronological-class-name -->
              <div class="configuration-class before">
                <span class="method-name">setup(edge, https://www.loc.gov/)</span>
                <span class="method-start">126833 ms</span>
              </div> <!-- configuration-class before -->
              <div class="test-method">
                <span class="method-name">$verifyThatTheCarrouselHasFiveItems</span>
                <span class="method-start">144693 ms</span>
              </div> <!-- test-method -->
              <div class="test-method">
                <span class="method-name">$verifyThatTheCarrouselHasFiveItems</span>
                <span class="method-start">150120 ms</span>
              </div> <!-- test-method -->
              <div class="test-method">
                <span class="method-name">$verifyThatTheCarrouselHasFiveItems</span>
                <span class="method-start">163786 ms</span>
              </div> <!-- test-method -->
              <div class="test-method">
                <span class="method-name">$verifyThatTheCarrouselHasFiveItems</span>
                <span class="method-start">174228 ms</span>
              </div> <!-- test-method -->
              <div class="test-method">
                <img src="failed.png">
                </img>
                <span class="method-name">$verifyThatTheCarrouselHasFiveItems</span>
                <span class="method-start">184734 ms</span>
              </div> <!-- test-method -->
              <div class="test-method">
                <img src="failed.png">
                </img>
                <span class="method-name">verifyThatTheTopSearchesWork</span>
                <span class="method-start">195221 ms</span>
              </div> <!-- test-method -->
              <div class="test-method">
                <img src="failed.png">
                </img>
                <span class="method-name">verifyThatTheUrlIsTheExpected</span>
                <span class="method-start">205685 ms</span>
              </div> <!-- test-method -->
          </div> <!-- main-panel-content rounded-window-bottom -->
        </div> <!-- panel -->
      </div> <!-- main-panel-root -->
    </div> <!-- wrapper -->
  </body>
</html>
